d:\work\learn\noagameengine\noagameengine\windows\x64\release\vc143.pdb
d:\work\learn\noagameengine\noagameengine\windows\x64\release\testscene.obj
d:\work\learn\noagameengine\noagameengine\windows\x64\release\testmenu.obj
d:\work\learn\noagameengine\noagameengine\windows\x64\release\sprite.obj
d:\work\learn\noagameengine\noagameengine\windows\x64\release\scenemanager.obj
d:\work\learn\noagameengine\noagameengine\windows\x64\release\scenelist.obj
d:\work\learn\noagameengine\noagameengine\windows\x64\release\scene.obj
d:\work\learn\noagameengine\noagameengine\windows\x64\release\player.obj
d:\work\learn\noagameengine\noagameengine\windows\x64\release\physics.obj
d:\work\learn\noagameengine\noagameengine\windows\x64\release\noamath.obj
d:\work\learn\noagameengine\noagameengine\windows\x64\release\main.obj
d:\work\learn\noagameengine\noagameengine\windows\x64\release\inputsystem.obj
d:\work\learn\noagameengine\noagameengine\windows\x64\release\initgame.obj
d:\work\learn\noagameengine\noagameengine\windows\x64\release\graphic.obj
d:\work\learn\noagameengine\noagameengine\windows\x64\release\gamesetting.obj
d:\work\learn\noagameengine\noagameengine\windows\x64\release\gameobject.obj
d:\work\learn\noagameengine\noagameengine\windows\x64\release\assets.obj
d:\work\learn\noagameengine\noagameengine\windows\x64\release\application.obj
d:\work\learn\noagameengine\x64\release\noagameengine.exe
d:\work\learn\noagameengine\noagameengine\windows\x64\release\noagameengine.ipdb
d:\work\learn\noagameengine\x64\release\noagameengine.pdb
d:\work\learn\noagameengine\noagameengine\windows\x64\release\noagameengine.iobj
d:\work\learn\noagameengine\x64\release\noagameengine.exe.exe
d:\work\learn\noagameengine\noagameengine\windows\x64\release\noagameengine.exe.ipdb
d:\work\learn\noagameengine\x64\release\noagameengine.exe.pdb
d:\work\learn\noagameengine\noagameengine\windows\x64\release\noagameengine.exe.iobj
d:\work\learn\noagameengine\noagameengine\windows\x64\release\noagameengine.res
d:\work\learn\noagameengine\noagameengine\windows\x64\release\noagameengine.tlog\cl.command.1.tlog
d:\work\learn\noagameengine\noagameengine\windows\x64\release\noagameengine.tlog\cl.read.1.tlog
d:\work\learn\noagameengine\noagameengine\windows\x64\release\noagameengine.tlog\cl.write.1.tlog
d:\work\learn\noagameengine\noagameengine\windows\x64\release\noagameengine.tlog\link.command.1.tlog
d:\work\learn\noagameengine\noagameengine\windows\x64\release\noagameengine.tlog\link.read.1.tlog
d:\work\learn\noagameengine\noagameengine\windows\x64\release\noagameengine.tlog\link.write.1.tlog
d:\work\learn\noagameengine\noagameengine\windows\x64\release\noagameengine.tlog\rc.command.1.tlog
d:\work\learn\noagameengine\noagameengine\windows\x64\release\noagameengine.tlog\rc.read.1.tlog
d:\work\learn\noagameengine\noagameengine\windows\x64\release\noagameengine.tlog\rc.write.1.tlog
