d:\work\learn\noagameengine\noagameengine\windows\x64\debug\vc143.pdb
d:\work\learn\noagameengine\noagameengine\windows\x64\debug\vc143.idb
d:\work\learn\noagameengine\noagameengine\windows\x64\debug\testscene.obj
d:\work\learn\noagameengine\noagameengine\windows\x64\debug\scenemanager.obj
d:\work\learn\noagameengine\noagameengine\windows\x64\debug\scene.obj
d:\work\learn\noagameengine\noagameengine\windows\x64\debug\player.obj
d:\work\learn\noagameengine\noagameengine\windows\x64\debug\noamath.obj
d:\work\learn\noagameengine\noagameengine\windows\x64\debug\main.obj
d:\work\learn\noagameengine\noagameengine\windows\x64\debug\inputsystem.obj
d:\work\learn\noagameengine\noagameengine\windows\x64\debug\gameobject.obj
d:\work\learn\noagameengine\noagameengine\windows\x64\debug\application.obj
d:\work\learn\noagameengine\noagameengine\windows\x64\debug\graphic.obj
d:\work\learn\noagameengine\noagameengine\windows\x64\debug\testmenu.obj
d:\work\learn\noagameengine\noagameengine\windows\x64\debug\scenelist.obj
d:\work\learn\noagameengine\noagameengine\windows\x64\debug\initgame.obj
d:\work\learn\noagameengine\noagameengine\windows\x64\debug\gamesetting.obj
d:\work\learn\noagameengine\noagameengine\windows\x64\debug\sprite.obj
d:\work\learn\noagameengine\noagameengine\windows\x64\debug\physics.obj
d:\work\learn\noagameengine\noagameengine\windows\x64\debug\assets.obj
d:\work\learn\noagameengine\x64\debug\noagameengine.exe
d:\work\learn\noagameengine\noagameengine\windows\x64\debug\noagameengine.ilk
d:\work\learn\noagameengine\x64\debug\noagameengine.pdb
d:\work\learn\noagameengine\noagameengine\windows\x64\debug\noagameengine.res
d:\work\learn\noagameengine\noagameengine\windows\x64\debug\noagameengine.tlog\cl.command.1.tlog
d:\work\learn\noagameengine\noagameengine\windows\x64\debug\noagameengine.tlog\cl.read.1.tlog
d:\work\learn\noagameengine\noagameengine\windows\x64\debug\noagameengine.tlog\cl.write.1.tlog
d:\work\learn\noagameengine\noagameengine\windows\x64\debug\noagameengine.tlog\link.command.1.tlog
d:\work\learn\noagameengine\noagameengine\windows\x64\debug\noagameengine.tlog\link.read.1.tlog
d:\work\learn\noagameengine\noagameengine\windows\x64\debug\noagameengine.tlog\link.write.1.tlog
d:\work\learn\noagameengine\noagameengine\windows\x64\debug\noagameengine.tlog\rc.command.1.tlog
d:\work\learn\noagameengine\noagameengine\windows\x64\debug\noagameengine.tlog\rc.read.1.tlog
d:\work\learn\noagameengine\noagameengine\windows\x64\debug\noagameengine.tlog\rc.write.1.tlog
